<?xml version="1.0" encoding="UTF-8"?>
<!-- Generated by org.testng.reporters.JUnitReportReporter -->
<testsuite skipped="0" hostname="liana-laptop" name="Tests.SignInPageTest" tests="1" failures="0" timestamp="19 Apr 2017 19:56:33 GMT" time="30.520" errors="0">
  <testcase name="validateSignInWorks" time="30.520" classname="Tests.SignInPageTest"/>
</testsuite> <!-- Tests.SignInPageTest -->
